<?xml version="1.0" encoding="UTF-8"?>
<!-- Generated by org.testng.reporters.JUnitReportReporter -->
<testsuite hostname="DESKTOP-FD1M0NP" name="testrunner.TestNG" tests="1" failures="0" timestamp="8 Dec 2020 18:15:05 GMT" time="331.705" errors="0">
  <testcase name="feature" time="331.705" classname="testrunner.TestNG"/>
</testsuite> <!-- testrunner.TestNG -->
